# JRE version: OpenJDK Runtime Environment (11.0.13) (build 11.0.13+0-b1751.21-8125866)
# Java VM: OpenJDK 64-Bit Server VM (11.0.13+0-b1751.21-8125866, mixed mode, tiered, compressed oops, g1 gc, windows-amd64)
Heap:
 garbage-first heap   total 236544K, used 73395K [0x0000000080000000, 0x0000000100000000)
  region size 1024K, 19 young (19456K), 11 survivors (11264K)
 Metaspace       used 75659K, capacity 77188K, committed 77388K, reserved 1116160K
  class space    used 9727K, capacity 10341K, committed 10368K, reserved 1048576K
GC Heap History (20 events):
Event: 2.276 GC heap before
{Heap before GC invocations=1 (full 0):
 garbage-first heap   total 196608K, used 46471K [0x0000000080000000, 0x0000000100000000)
  region size 1024K, 40 young (40960K), 2 survivors (2048K)
 Metaspace       used 10859K, capacity 11073K, committed 11264K, reserved 1058816K
  class space    used 1112K, capacity 1207K, committed 1280K, reserved 1048576K
}
Event: 2.282 GC heap after
{Heap after GC invocations=2 (full 0):
 garbage-first heap   total 196608K, used 10978K [0x0000000080000000, 0x0000000100000000)
  region size 1024K, 5 young (5120K), 5 survivors (5120K)
 Metaspace       used 10859K, capacity 11073K, committed 11264K, reserved 1058816K
  class space    used 1112K, capacity 1207K, committed 1280K, reserved 1048576K
}
Event: 5.343 GC heap before
{Heap before GC invocations=2 (full 0):
 garbage-first heap   total 196608K, used 51938K [0x0000000080000000, 0x0000000100000000)
  region size 1024K, 44 young (45056K), 5 survivors (5120K)
 Metaspace       used 17054K, capacity 17391K, committed 17408K, reserved 1064960K
  class space    used 1938K, capacity 2035K, committed 2048K, reserved 1048576K
}
Event: 5.354 GC heap after
{Heap after GC invocations=3 (full 0):
 garbage-first heap   total 196608K, used 15936K [0x0000000080000000, 0x0000000100000000)
  region size 1024K, 6 young (6144K), 6 survivors (6144K)
 Metaspace       used 17054K, capacity 17391K, committed 17408K, reserved 1064960K
  class space    used 1938K, capacity 2035K, committed 2048K, reserved 1048576K
}
Event: 5.904 GC heap before
{Heap before GC invocations=3 (full 0):
 garbage-first heap   total 196608K, used 50752K [0x0000000080000000, 0x0000000100000000)
  region size 1024K, 41 young (41984K), 6 survivors (6144K)
 Metaspace       used 20829K, capacity 21189K, committed 21296K, reserved 1069056K
  class space    used 2525K, capacity 2688K, committed 2688K, reserved 1048576K
}
Event: 5.916 GC heap after
{Heap after GC invocations=4 (full 0):
 garbage-first heap   total 196608K, used 17555K [0x0000000080000000, 0x0000000100000000)
  region size 1024K, 2 young (2048K), 2 survivors (2048K)
 Metaspace       used 20829K, capacity 21189K, committed 21296K, reserved 1069056K
  class space    used 2525K, capacity 2688K, committed 2688K, reserved 1048576K
}
Event: 6.908 GC heap before
{Heap before GC invocations=5 (full 0):
 garbage-first heap   total 196608K, used 72851K [0x0000000080000000, 0x0000000100000000)
  region size 1024K, 56 young (57344K), 2 survivors (2048K)
 Metaspace       used 26636K, capacity 27207K, committed 27520K, reserved 1073152K
  class space    used 3438K, capacity 3638K, committed 3712K, reserved 1048576K
}
Event: 6.918 GC heap after
{Heap after GC invocations=6 (full 0):
 garbage-first heap   total 196608K, used 19426K [0x0000000080000000, 0x0000000100000000)
  region size 1024K, 4 young (4096K), 4 survivors (4096K)
 Metaspace       used 26636K, capacity 27207K, committed 27520K, reserved 1073152K
  class space    used 3438K, capacity 3638K, committed 3712K, reserved 1048576K
}
Event: 8.958 GC heap before
{Heap before GC invocations=7 (full 0):
 garbage-first heap   total 196608K, used 116706K [0x0000000080000000, 0x0000000100000000)
  region size 1024K, 99 young (101376K), 4 survivors (4096K)
 Metaspace       used 38204K, capacity 39152K, committed 39296K, reserved 1083392K
  class space    used 4864K, capacity 5211K, committed 5248K, reserved 1048576K
}
Event: 8.977 GC heap after
{Heap after GC invocations=8 (full 0):
 garbage-first heap   total 196608K, used 25684K [0x0000000080000000, 0x0000000100000000)
  region size 1024K, 10 young (10240K), 10 survivors (10240K)
 Metaspace       used 38204K, capacity 39152K, committed 39296K, reserved 1083392K
  class space    used 4864K, capacity 5211K, committed 5248K, reserved 1048576K
}
Event: 10.511 GC heap before
{Heap before GC invocations=8 (full 0):
 garbage-first heap   total 196608K, used 101460K [0x0000000080000000, 0x0000000100000000)
  region size 1024K, 82 young (83968K), 10 survivors (10240K)
 Metaspace       used 44680K, capacity 45674K, committed 45824K, reserved 1089536K
  class space    used 5630K, capacity 6031K, committed 6144K, reserved 1048576K
}
Event: 10.534 GC heap after
{Heap after GC invocations=9 (full 0):
 garbage-first heap   total 196608K, used 29260K [0x0000000080000000, 0x0000000100000000)
  region size 1024K, 10 young (10240K), 10 survivors (10240K)
 Metaspace       used 44680K, capacity 45674K, committed 45824K, reserved 1089536K
  class space    used 5630K, capacity 6031K, committed 6144K, reserved 1048576K
}
Event: 13.331 GC heap before
{Heap before GC invocations=10 (full 0):
 garbage-first heap   total 196608K, used 144972K [0x0000000080000000, 0x0000000100000000)
  region size 1024K, 115 young (117760K), 10 survivors (10240K)
 Metaspace       used 51333K, capacity 52718K, committed 52864K, reserved 1095680K
  class space    used 6462K, capacity 7001K, committed 7040K, reserved 1048576K
}
Event: 13.359 GC heap after
{Heap after GC invocations=11 (full 0):
 garbage-first heap   total 196608K, used 48650K [0x0000000080000000, 0x0000000100000000)
  region size 1024K, 15 young (15360K), 15 survivors (15360K)
 Metaspace       used 51333K, capacity 52718K, committed 52864K, reserved 1095680K
  class space    used 6462K, capacity 7001K, committed 7040K, reserved 1048576K
}
Event: 15.510 GC heap before
{Heap before GC invocations=11 (full 0):
 garbage-first heap   total 196608K, used 157194K [0x0000000080000000, 0x0000000100000000)
  region size 1024K, 115 young (117760K), 15 survivors (15360K)
 Metaspace       used 63045K, capacity 64537K, committed 64640K, reserved 1105920K
  class space    used 7921K, capacity 8497K, committed 8576K, reserved 1048576K
}
Event: 15.542 GC heap after
{Heap after GC invocations=12 (full 0):
 garbage-first heap   total 236544K, used 56053K [0x0000000080000000, 0x0000000100000000)
  region size 1024K, 8 young (8192K), 8 survivors (8192K)
 Metaspace       used 63045K, capacity 64537K, committed 64640K, reserved 1105920K
  class space    used 7921K, capacity 8497K, committed 8576K, reserved 1048576K
}
Event: 17.647 GC heap before
{Heap before GC invocations=12 (full 0):
 garbage-first heap   total 236544K, used 171765K [0x0000000080000000, 0x0000000100000000)
  region size 1024K, 120 young (122880K), 8 survivors (8192K)
 Metaspace       used 69236K, capacity 70773K, committed 71040K, reserved 1112064K
  class space    used 8683K, capacity 9282K, committed 9344K, reserved 1048576K
}
Event: 17.670 GC heap after
{Heap after GC invocations=13 (full 0):
 garbage-first heap   total 236544K, used 63094K [0x0000000080000000, 0x0000000100000000)
  region size 1024K, 15 young (15360K), 15 survivors (15360K)
 Metaspace       used 69236K, capacity 70773K, committed 71040K, reserved 1112064K
  class space    used 8683K, capacity 9282K, committed 9344K, reserved 1048576K
}
Event: 18.966 GC heap before
{Heap before GC invocations=13 (full 0):
 garbage-first heap   total 236544K, used 116342K [0x0000000080000000, 0x0000000100000000)
  region size 1024K, 68 young (69632K), 15 survivors (15360K)
 Metaspace       used 75006K, capacity 76543K, committed 76800K, reserved 1116160K
  class space    used 9626K, capacity 10234K, committed 10240K, reserved 1048576K
}
Event: 18.998 GC heap after
{Heap after GC invocations=14 (full 0):
 garbage-first heap   total 236544K, used 66227K [0x0000000080000000, 0x0000000100000000)
  region size 1024K, 11 young (11264K), 11 survivors (11264K)
 Metaspace       used 75006K, capacity 76543K, committed 76800K, reserved 1116160K
  class space    used 9626K, capacity 10234K, committed 10240K, reserved 1048576K
}

